======================================================
[EMAIL SENT]
To: capduythai12@gmail.com
Subject: [LearnPath] Hồ sơ đăng ký Mentor của bạn đang được xét duyệt
Date: 6/23/2026, 4:15:17 PM
Content:

      <div style="font-family: sans-serif; max-width: 600px; margin: 0 auto; padding: 20px; border: 1px solid #e2e8f0; rounded-xl">
        <h2 style="color: #2563eb;">Chào Cap Duy Thai,</h2>
        <p>Cảm ơn bạn đã nộp đơn đăng ký trở thành Mentor trên hệ thống <strong>LearnPath</strong>.</p>
        <p>Chúng tôi đã nhận được hồ sơ của bạn cùng chứng chỉ đính kèm. Hiện tại hồ sơ đang ở trạng thái <strong>Chờ phê duyệt</strong> từ phía Ban quản trị (Admin).</p>
        <p>Thông tin hồ sơ đăng ký:</p>
        <ul>
          <li><strong>Họ và tên:</strong> Cap Duy Thai</li>
          <li><strong>Email:</strong> capduythai12@gmail.com</li>
          <li><strong>Giới thiệu/Kinh nghiệm:</strong> abc</li>
        </ul>
        <p>Quy trình xem xét hồ sơ thường mất từ 24 đến 48 giờ làm việc. Ngay khi có kết quả duyệt, chúng tôi sẽ thông báo trực tiếp qua email này cho bạn.</p>
        <hr style="border: 0; border-top: 1px solid #e2e8f0; margin: 20px 0;" />
        <p style="font-size: 12px; color: #64748b;">Đây là email tự động từ hệ thống LearnPath. Vui lòng không trả lời thư này.</p>
      </div>
    
======================================================

======================================================
[EMAIL SENT]
To: capduythai12@gmail.com
Subject: [LearnPath] Hồ sơ đăng ký Mentor của bạn đang được xét duyệt
Date: 6/23/2026, 4:28:34 PM
Content:

      <div style="font-family: sans-serif; max-width: 600px; margin: 0 auto; padding: 20px; border: 1px solid #e2e8f0; rounded-xl">
        <h2 style="color: #2563eb;">Chào Cap Duy Thai,</h2>
        <p>Cảm ơn bạn đã nộp đơn đăng ký trở thành Mentor trên hệ thống <strong>LearnPath</strong>.</p>
        <p>Chúng tôi đã nhận được hồ sơ của bạn cùng chứng chỉ đính kèm. Hiện tại hồ sơ đang ở trạng thái <strong>Chờ phê duyệt</strong> từ phía Ban quản trị (Admin).</p>
        <p>Thông tin hồ sơ đăng ký:</p>
        <ul>
          <li><strong>Họ và tên:</strong> Cap Duy Thai</li>
          <li><strong>Email:</strong> capduythai12@gmail.com</li>
          <li><strong>Giới thiệu/Kinh nghiệm:</strong> abc</li>
        </ul>
        <p>Quy trình xem xét hồ sơ thường mất từ 24 đến 48 giờ làm việc. Ngay khi có kết quả duyệt, chúng tôi sẽ thông báo trực tiếp qua email này cho bạn.</p>
        <hr style="border: 0; border-top: 1px solid #e2e8f0; margin: 20px 0;" />
        <p style="font-size: 12px; color: #64748b;">Đây là email tự động từ hệ thống LearnPath. Vui lòng không trả lời thư này.</p>
      </div>
    
======================================================

======================================================
[EMAIL SENT]
To: capduythai12@gmail.com
Subject: [LearnPath] Thông báo về kết quả hồ sơ Mentor
Date: 6/23/2026, 4:30:20 PM
Content:

      <div style="font-family: sans-serif; max-width: 600px; margin: 0 auto; padding: 20px; border: 1px solid #e2e8f0; rounded-xl">
        <h2 style="color: #2563eb;">Chào Cap Duy Thai,</h2>
        <p>Ban quản trị hệ thống <strong>LearnPath</strong> đã xem xét hồ sơ ứng tuyển làm Mentor của bạn.</p>
        <p>Kết quả xét duyệt: Trạng thái hồ sơ của bạn là <span style='color: #ef4444; font-weight: bold;'>KHÔNG ĐƯỢC CHẤP NHẬN</span>.</p>
        
        <div style="background-color: #f8fafc; border-left: 4px solid #ef4444; padding: 15px; margin: 15px 0; font-style: italic;">
          "Rất tiếc, hồ sơ của bạn chưa đủ điều kiện xét duyệt tại thời điểm này. Vui lòng cập nhật thêm các chứng chỉ chuyên môn liên quan và gửi lại yêu cầu ứng tuyển sau."
        </div>

        <p>Cảm ơn bạn đã quan tâm. Chúng tôi hy vọng có cơ hội hợp tác với bạn trong các đợt ứng tuyển sau khi bạn bổ sung thêm năng lực hoặc chứng chỉ.</p>
        <hr style="border: 0; border-top: 1px solid #e2e8f0; margin: 20px 0;" />
        <p style="font-size: 12px; color: #64748b;">Đây là email tự động từ hệ thống LearnPath. Trân trọng,</p>
        <p style="font-weight: bold; color: #1e293b;">LearnPath Admin Team</p>
      </div>
    
======================================================

======================================================
[EMAIL SENT]
To: capduythai12@gmail.com
Subject: [LearnPath] Chúc mừng! Hồ sơ Mentor của bạn đã được phê duyệt
Date: 6/23/2026, 4:30:47 PM
Content:

      <div style="font-family: sans-serif; max-width: 600px; margin: 0 auto; padding: 20px; border: 1px solid #e2e8f0; rounded-xl">
        <h2 style="color: #2563eb;">Chào Cap Duy Thai,</h2>
        <p>Ban quản trị hệ thống <strong>LearnPath</strong> đã xem xét hồ sơ ứng tuyển làm Mentor của bạn.</p>
        <p>Kết quả xét duyệt: Trạng thái hồ sơ của bạn là <span style='color: #10b981; font-weight: bold;'>ĐÃ ĐƯỢC CHẤP NHẬN</span>.</p>
        
        <div style="background-color: #f8fafc; border-left: 4px solid #10b981; padding: 15px; margin: 15px 0; font-style: italic;">
          "Chào bạn, Ban quản trị English Master đã xem xét hồ sơ và chứng chỉ của bạn. Chúng tôi rất vui mừng thông báo rằng hồ sơ của bạn đã được chấp thuận. Chúc mừng bạn chính thức gia nhập đội ngũ Mentor của English Master."
        </div>

        <p>Chào mừng bạn gia nhập đội ngũ Mentor của LearnPath! Bạn có thể đăng nhập tài khoản để bắt đầu xây dựng lộ trình học và hỗ trợ các học viên.</p>
        <hr style="border: 0; border-top: 1px solid #e2e8f0; margin: 20px 0;" />
        <p style="font-size: 12px; color: #64748b;">Đây là email tự động từ hệ thống LearnPath. Trân trọng,</p>
        <p style="font-weight: bold; color: #1e293b;">LearnPath Admin Team</p>
      </div>
    
======================================================

======================================================
[EMAIL SENT]
To: capduythai11@gmail.com
Subject: [English Master] Hồ sơ đăng ký Mentor của bạn đang được xét duyệt
Date: 6/23/2026, 4:33:28 PM
Content:

      <div style="font-family: sans-serif; max-width: 600px; margin: 0 auto; padding: 20px; border: 1px solid #e2e8f0; rounded-xl">
        <h2 style="color: #2563eb;">Chào Cap Duy Thai,</h2>
        <p>Cảm ơn bạn đã nộp đơn đăng ký trở thành Mentor trên hệ thống <strong>English Master</strong>.</p>
        <p>Chúng tôi đã nhận được hồ sơ của bạn cùng chứng chỉ đính kèm. Hiện tại hồ sơ đang ở trạng thái <strong>Chờ phê duyệt</strong> từ phía Ban quản trị (Admin).</p>
        <p>Thông tin hồ sơ đăng ký:</p>
        <ul>
          <li><strong>Họ và tên:</strong> Cap Duy Thai</li>
          <li><strong>Email:</strong> capduythai11@gmail.com</li>
          <li><strong>Giới thiệu/Kinh nghiệm:</strong> abc</li>
        </ul>
        <p>Quy trình xem xét hồ sơ thường mất từ 24 đến 48 giờ làm việc. Ngay khi có kết quả duyệt, chúng tôi sẽ thông báo trực tiếp qua email này cho bạn.</p>
        <hr style="border: 0; border-top: 1px solid #e2e8f0; margin: 20px 0;" />
        <p style="font-size: 12px; color: #64748b;">Đây là email tự động từ hệ thống English Master. Vui lòng không trả lời thư này.</p>
      </div>
    
======================================================

======================================================
[EMAIL SENT]
To: capduythai11@gmail.com
Subject: [English Master] Chúc mừng! Hồ sơ Mentor của bạn đã được phê duyệt
Date: 6/23/2026, 4:34:20 PM
Content:

      <div style="font-family: sans-serif; max-width: 600px; margin: 0 auto; padding: 20px; border: 1px solid #e2e8f0; rounded-xl">
        <h2 style="color: #2563eb;">Chào Cap Duy Thai,</h2>
        <p>Ban quản trị hệ thống <strong>English Master</strong> đã xem xét hồ sơ ứng tuyển làm Mentor của bạn.</p>
        <p>Kết quả xét duyệt: Trạng thái hồ sơ của bạn là <span style='color: #10b981; font-weight: bold;'>ĐÃ ĐƯỢC CHẤP NHẬN</span>.</p>
        
        <div style="background-color: #f8fafc; border-left: 4px solid #10b981; padding: 15px; margin: 15px 0; font-style: italic;">
          "Chúc mừng! Hồ sơ đăng ký làm Mentor của bạn trên English Master đã được duyệt thành công. Bạn đã có thể đăng nhập vào hệ thống và bắt đầu xây dựng lộ trình học cho các học viên."
        </div>

        <p>Chào mừng bạn gia nhập đội ngũ Mentor của English Master! Bạn có thể đăng nhập tài khoản để bắt đầu xây dựng lộ trình học và hỗ trợ các học viên.</p>
        <hr style="border: 0; border-top: 1px solid #e2e8f0; margin: 20px 0;" />
        <p style="font-size: 12px; color: #64748b;">Đây là email tự động từ hệ thống English Master. Trân trọng,</p>
        <p style="font-weight: bold; color: #1e293b;">English Master Admin Team</p>
      </div>
    
======================================================

======================================================
[EMAIL SENT]
To: themanhvxhg123@gmail.com
Subject: [English Master] Hồ sơ đăng ký Mentor của bạn đang được xét duyệt
Date: 6/23/2026, 4:36:58 PM
Content:

      <div style="font-family: sans-serif; max-width: 600px; margin: 0 auto; padding: 20px; border: 1px solid #e2e8f0; rounded-xl">
        <h2 style="color: #2563eb;">Chào Manh,</h2>
        <p>Cảm ơn bạn đã nộp đơn đăng ký trở thành Mentor trên hệ thống <strong>English Master</strong>.</p>
        <p>Chúng tôi đã nhận được hồ sơ của bạn cùng chứng chỉ đính kèm. Hiện tại hồ sơ đang ở trạng thái <strong>Chờ phê duyệt</strong> từ phía Ban quản trị (Admin).</p>
        <p>Thông tin hồ sơ đăng ký:</p>
        <ul>
          <li><strong>Họ và tên:</strong> Manh</li>
          <li><strong>Email:</strong> themanhvxhg123@gmail.com</li>
          <li><strong>Giới thiệu/Kinh nghiệm:</strong> Abc</li>
        </ul>
        <p>Quy trình xem xét hồ sơ thường mất từ 24 đến 48 giờ làm việc. Ngay khi có kết quả duyệt, chúng tôi sẽ thông báo trực tiếp qua email này cho bạn.</p>
        <hr style="border: 0; border-top: 1px solid #e2e8f0; margin: 20px 0;" />
        <p style="font-size: 12px; color: #64748b;">Đây là email tự động từ hệ thống English Master. Vui lòng không trả lời thư này.</p>
      </div>
    
======================================================

======================================================
[EMAIL SENT]
To: themanhvxhg123@gmail.com
Subject: [English Master] Chúc mừng! Hồ sơ Mentor của bạn đã được phê duyệt
Date: 6/23/2026, 4:37:27 PM
Content:

      <div style="font-family: sans-serif; max-width: 600px; margin: 0 auto; padding: 20px; border: 1px solid #e2e8f0; rounded-xl">
        <h2 style="color: #2563eb;">Chào Manh,</h2>
        <p>Ban quản trị hệ thống <strong>English Master</strong> đã xem xét hồ sơ ứng tuyển làm Mentor của bạn.</p>
        <p>Kết quả xét duyệt: Trạng thái hồ sơ của bạn là <span style='color: #10b981; font-weight: bold;'>ĐÃ ĐƯỢC CHẤP NHẬN</span>.</p>
        
        <div style="background-color: #f8fafc; border-left: 4px solid #10b981; padding: 15px; margin: 15px 0; font-style: italic;">
          "Chúc mừng! Hồ sơ đăng ký làm Mentor của bạn trên English Master đã được duyệt thành công. Bạn đã có thể đăng nhập vào hệ thống và bắt đầu xây dựng lộ trình học cho các học viên."
        </div>

        <p>Chào mừng bạn gia nhập đội ngũ Mentor của English Master! Bạn có thể đăng nhập tài khoản để bắt đầu xây dựng lộ trình học và hỗ trợ các học viên.</p>
        <hr style="border: 0; border-top: 1px solid #e2e8f0; margin: 20px 0;" />
        <p style="font-size: 12px; color: #64748b;">Đây là email tự động từ hệ thống English Master. Trân trọng,</p>
        <p style="font-weight: bold; color: #1e293b;">English Master Admin Team</p>
      </div>
    
======================================================

